# JRE version: OpenJDK Runtime Environment JBR-17.0.12+1-1207.37-nomod (17.0.12+1) (build 17.0.12+1-b1207.37)
# Java VM: OpenJDK 64-Bit Server VM JBR-17.0.12+1-1207.37-nomod (17.0.12+1-b1207.37, mixed mode, sharing, tiered, compressed oops, compressed class ptrs, g1 gc, windows-amd64)
GC Precious Log:
 CPUs: 4 total, 4 available
 Memory: 3445M
 Large Page Support: Disabled
 NUMA Support: Disabled
 Compressed Oops: Enabled (32-bit)
 Heap Region Size: 1M
 Heap Min Capacity: 256M
 Heap Initial Capacity: 256M
 Heap Max Capacity: 512M
 Pre-touch: Disabled
 Parallel Workers: 4
 Concurrent Workers: 1
 Concurrent Refinement Workers: 4
 Periodic GC: Disabled
Heap:
 garbage-first heap   total 262144K, used 200512K [0x00000000e0000000, 0x0000000100000000)
  region size 1024K, 102 young (104448K), 7 survivors (7168K)
 Metaspace       used 99132K, committed 99904K, reserved 458752K
  class space    used 13708K, committed 14080K, reserved 327680K
GC Heap History (20 events):
Event: 16.580 GC heap before
{Heap before GC invocations=2 (full 0):
 garbage-first heap   total 262144K, used 165403K [0x00000000e0000000, 0x0000000100000000)
  region size 1024K, 153 young (156672K), 3 survivors (3072K)
 Metaspace       used 19436K, committed 19776K, reserved 393216K
  class space    used 2901K, committed 3072K, reserved 327680K
}
Event: 16.607 GC heap after
{Heap after GC invocations=3 (full 0):
 garbage-first heap   total 262144K, used 21983K [0x00000000e0000000, 0x0000000100000000)
  region size 1024K, 14 young (14336K), 14 survivors (14336K)
 Metaspace       used 19436K, committed 19776K, reserved 393216K
  class space    used 2901K, committed 3072K, reserved 327680K
}
Event: 17.738 GC heap before
{Heap before GC invocations=3 (full 0):
 garbage-first heap   total 262144K, used 36319K [0x00000000e0000000, 0x0000000100000000)
  region size 1024K, 29 young (29696K), 14 survivors (14336K)
 Metaspace       used 21211K, committed 21504K, reserved 393216K
  class space    used 3173K, committed 3328K, reserved 327680K
}
Event: 17.781 GC heap after
{Heap after GC invocations=4 (full 0):
 garbage-first heap   total 262144K, used 23799K [0x00000000e0000000, 0x0000000100000000)
  region size 1024K, 2 young (2048K), 2 survivors (2048K)
 Metaspace       used 21211K, committed 21504K, reserved 393216K
  class space    used 3173K, committed 3328K, reserved 327680K
}
Event: 22.875 GC heap before
{Heap before GC invocations=5 (full 0):
 garbage-first heap   total 262144K, used 141559K [0x00000000e0000000, 0x0000000100000000)
  region size 1024K, 108 young (110592K), 2 survivors (2048K)
 Metaspace       used 35546K, committed 35968K, reserved 393216K
  class space    used 5283K, committed 5504K, reserved 327680K
}
Event: 22.893 GC heap after
{Heap after GC invocations=6 (full 0):
 garbage-first heap   total 262144K, used 43266K [0x00000000e0000000, 0x0000000100000000)
  region size 1024K, 10 young (10240K), 10 survivors (10240K)
 Metaspace       used 35546K, committed 35968K, reserved 393216K
  class space    used 5283K, committed 5504K, reserved 327680K
}
Event: 22.933 GC heap before
{Heap before GC invocations=6 (full 0):
 garbage-first heap   total 262144K, used 44290K [0x00000000e0000000, 0x0000000100000000)
  region size 1024K, 12 young (12288K), 10 survivors (10240K)
 Metaspace       used 35809K, committed 36288K, reserved 393216K
  class space    used 5328K, committed 5568K, reserved 327680K
}
Event: 22.945 GC heap after
{Heap after GC invocations=7 (full 0):
 garbage-first heap   total 262144K, used 43813K [0x00000000e0000000, 0x0000000100000000)
  region size 1024K, 1 young (1024K), 1 survivors (1024K)
 Metaspace       used 35809K, committed 36288K, reserved 393216K
  class space    used 5328K, committed 5568K, reserved 327680K
}
Event: 22.947 GC heap before
{Heap before GC invocations=7 (full 0):
 garbage-first heap   total 262144K, used 43813K [0x00000000e0000000, 0x0000000100000000)
  region size 1024K, 2 young (2048K), 1 survivors (1024K)
 Metaspace       used 35827K, committed 36288K, reserved 393216K
  class space    used 5330K, committed 5568K, reserved 327680K
}
Event: 22.948 GC heap after
{Heap after GC invocations=8 (full 0):
 garbage-first heap   total 262144K, used 43124K [0x00000000e0000000, 0x0000000100000000)
  region size 1024K, 1 young (1024K), 1 survivors (1024K)
 Metaspace       used 35827K, committed 36288K, reserved 393216K
  class space    used 5330K, committed 5568K, reserved 327680K
}
Event: 30.624 GC heap before
{Heap before GC invocations=9 (full 0):
 garbage-first heap   total 262144K, used 218228K [0x00000000e0000000, 0x0000000100000000)
  region size 1024K, 153 young (156672K), 1 survivors (1024K)
 Metaspace       used 47677K, committed 48256K, reserved 393216K
  class space    used 6828K, committed 7104K, reserved 327680K
}
Event: 30.747 GC heap after
{Heap after GC invocations=10 (full 0):
 garbage-first heap   total 262144K, used 67974K [0x00000000e0000000, 0x0000000100000000)
  region size 1024K, 12 young (12288K), 12 survivors (12288K)
 Metaspace       used 47677K, committed 48256K, reserved 393216K
  class space    used 6828K, committed 7104K, reserved 327680K
}
Event: 38.652 GC heap before
{Heap before GC invocations=11 (full 0):
 garbage-first heap   total 262144K, used 207238K [0x00000000e0000000, 0x0000000100000000)
  region size 1024K, 148 young (151552K), 12 survivors (12288K)
 Metaspace       used 65758K, committed 66368K, reserved 393216K
  class space    used 9784K, committed 10048K, reserved 327680K
}
Event: 38.700 GC heap after
{Heap after GC invocations=12 (full 0):
 garbage-first heap   total 262144K, used 72430K [0x00000000e0000000, 0x0000000100000000)
  region size 1024K, 5 young (5120K), 5 survivors (5120K)
 Metaspace       used 65758K, committed 66368K, reserved 393216K
  class space    used 9784K, committed 10048K, reserved 327680K
}
Event: 40.770 GC heap before
{Heap before GC invocations=12 (full 0):
 garbage-first heap   total 262144K, used 233198K [0x00000000e0000000, 0x0000000100000000)
  region size 1024K, 140 young (143360K), 5 survivors (5120K)
 Metaspace       used 77922K, committed 78656K, reserved 458752K
  class space    used 11166K, committed 11520K, reserved 327680K
}
Event: 40.811 GC heap after
{Heap after GC invocations=13 (full 0):
 garbage-first heap   total 262144K, used 98278K [0x00000000e0000000, 0x0000000100000000)
  region size 1024K, 18 young (18432K), 18 survivors (18432K)
 Metaspace       used 77922K, committed 78656K, reserved 458752K
  class space    used 11166K, committed 11520K, reserved 327680K
}
Event: 40.988 GC heap before
{Heap before GC invocations=13 (full 0):
 garbage-first heap   total 262144K, used 112614K [0x00000000e0000000, 0x0000000100000000)
  region size 1024K, 33 young (33792K), 18 survivors (18432K)
 Metaspace       used 79767K, committed 80448K, reserved 458752K
  class space    used 11310K, committed 11648K, reserved 327680K
}
Event: 41.005 GC heap after
{Heap after GC invocations=14 (full 0):
 garbage-first heap   total 262144K, used 101722K [0x00000000e0000000, 0x0000000100000000)
  region size 1024K, 3 young (3072K), 3 survivors (3072K)
 Metaspace       used 79767K, committed 80448K, reserved 458752K
  class space    used 11310K, committed 11648K, reserved 327680K
}
Event: 42.860 GC heap before
{Heap before GC invocations=15 (full 0):
 garbage-first heap   total 262144K, used 209242K [0x00000000e0000000, 0x0000000100000000)
  region size 1024K, 108 young (110592K), 3 survivors (3072K)
 Metaspace       used 90310K, committed 91008K, reserved 458752K
  class space    used 12663K, committed 12992K, reserved 327680K
}
Event: 42.878 GC heap after
{Heap after GC invocations=16 (full 0):
 garbage-first heap   total 262144K, used 104256K [0x00000000e0000000, 0x0000000100000000)
  region size 1024K, 7 young (7168K), 7 survivors (7168K)
 Metaspace       used 90310K, committed 91008K, reserved 458752K
  class space    used 12663K, committed 12992K, reserved 327680K
}

